Determining if the pthread_create exist failed with the following output:
Change Dir: /home/fernanda/VCF_RLZ/build/CMakeFiles/CMakeTmp

Run Build Command:"/usr/bin/make" "cmTC_1a780/fast"
/usr/bin/make -f CMakeFiles/cmTC_1a780.dir/build.make CMakeFiles/cmTC_1a780.dir/build
make[1]: Entering directory '/home/fernanda/VCF_RLZ/build/CMakeFiles/CMakeTmp'
Building C object CMakeFiles/cmTC_1a780.dir/CheckSymbolExists.c.o
/usr/bin/cc     -o CMakeFiles/cmTC_1a780.dir/CheckSymbolExists.c.o   -c /home/fernanda/VCF_RLZ/build/CMakeFiles/CMakeTmp/CheckSymbolExists.c
Linking C executable cmTC_1a780
/usr/bin/cmake -E cmake_link_script CMakeFiles/cmTC_1a780.dir/link.txt --verbose=1
/usr/bin/cc       CMakeFiles/cmTC_1a780.dir/CheckSymbolExists.c.o  -o cmTC_1a780 -rdynamic 
CMakeFiles/cmTC_1a780.dir/CheckSymbolExists.c.o: In function `main':
CheckSymbolExists.c:(.text+0x1b): undefined reference to `pthread_create'
collect2: error: ld returned 1 exit status
CMakeFiles/cmTC_1a780.dir/build.make:97: recipe for target 'cmTC_1a780' failed
make[1]: *** [cmTC_1a780] Error 1
make[1]: Leaving directory '/home/fernanda/VCF_RLZ/build/CMakeFiles/CMakeTmp'
Makefile:126: recipe for target 'cmTC_1a780/fast' failed
make: *** [cmTC_1a780/fast] Error 2

File /home/fernanda/VCF_RLZ/build/CMakeFiles/CMakeTmp/CheckSymbolExists.c:
/* */
#include <pthread.h>

int main(int argc, char** argv)
{
  (void)argv;
#ifndef pthread_create
  return ((int*)(&pthread_create))[argc];
#else
  (void)argc;
  return 0;
#endif
}

Determining if the function pthread_create exists in the pthreads failed with the following output:
Change Dir: /home/fernanda/VCF_RLZ/build/CMakeFiles/CMakeTmp

Run Build Command:"/usr/bin/make" "cmTC_528a5/fast"
/usr/bin/make -f CMakeFiles/cmTC_528a5.dir/build.make CMakeFiles/cmTC_528a5.dir/build
make[1]: Entering directory '/home/fernanda/VCF_RLZ/build/CMakeFiles/CMakeTmp'
Building C object CMakeFiles/cmTC_528a5.dir/CheckFunctionExists.c.o
/usr/bin/cc    -DCHECK_FUNCTION_EXISTS=pthread_create   -o CMakeFiles/cmTC_528a5.dir/CheckFunctionExists.c.o   -c /usr/share/cmake-3.7/Modules/CheckFunctionExists.c
Linking C executable cmTC_528a5
/usr/bin/cmake -E cmake_link_script CMakeFiles/cmTC_528a5.dir/link.txt --verbose=1
/usr/bin/cc   -DCHECK_FUNCTION_EXISTS=pthread_create    CMakeFiles/cmTC_528a5.dir/CheckFunctionExists.c.o  -o cmTC_528a5 -rdynamic -lpthreads 
/usr/bin/ld: cannot find -lpthreads
collect2: error: ld returned 1 exit status
CMakeFiles/cmTC_528a5.dir/build.make:97: recipe for target 'cmTC_528a5' failed
make[1]: *** [cmTC_528a5] Error 1
make[1]: Leaving directory '/home/fernanda/VCF_RLZ/build/CMakeFiles/CMakeTmp'
Makefile:126: recipe for target 'cmTC_528a5/fast' failed
make: *** [cmTC_528a5/fast] Error 2


