The system is: Linux - 4.9.0-18-amd64 - x86_64
Compiling the C compiler identification source file "CMakeCCompilerId.c" succeeded.
Compiler: /usr/bin/cc 
Build flags: 
Id flags: 

The output was:
0


Compilation of the C compiler identification source "CMakeCCompilerId.c" produced "a.out"

The C compiler identification is GNU, found in "/home/fernanda/VCF_RLZ/build/CMakeFiles/3.7.2/CompilerIdC/a.out"

Compiling the CXX compiler identification source file "CMakeCXXCompilerId.cpp" succeeded.
Compiler: /usr/bin/c++ 
Build flags: 
Id flags: 

The output was:
0


Compilation of the CXX compiler identification source "CMakeCXXCompilerId.cpp" produced "a.out"

The CXX compiler identification is GNU, found in "/home/fernanda/VCF_RLZ/build/CMakeFiles/3.7.2/CompilerIdCXX/a.out"

Determining if the C compiler works passed with the following output:
Change Dir: /home/fernanda/VCF_RLZ/build/CMakeFiles/CMakeTmp

Run Build Command:"/usr/bin/make" "cmTC_36511/fast"
/usr/bin/make -f CMakeFiles/cmTC_36511.dir/build.make CMakeFiles/cmTC_36511.dir/build
make[1]: Entering directory '/home/fernanda/VCF_RLZ/build/CMakeFiles/CMakeTmp'
Building C object CMakeFiles/cmTC_36511.dir/testCCompiler.c.o
/usr/bin/cc     -o CMakeFiles/cmTC_36511.dir/testCCompiler.c.o   -c /home/fernanda/VCF_RLZ/build/CMakeFiles/CMakeTmp/testCCompiler.c
Linking C executable cmTC_36511
/usr/bin/cmake -E cmake_link_script CMakeFiles/cmTC_36511.dir/link.txt --verbose=1
/usr/bin/cc       CMakeFiles/cmTC_36511.dir/testCCompiler.c.o  -o cmTC_36511 -rdynamic 
make[1]: Leaving directory '/home/fernanda/VCF_RLZ/build/CMakeFiles/CMakeTmp'


Detecting C compiler ABI info compiled with the following output:
Change Dir: /home/fernanda/VCF_RLZ/build/CMakeFiles/CMakeTmp

Run Build Command:"/usr/bin/make" "cmTC_b5c97/fast"
/usr/bin/make -f CMakeFiles/cmTC_b5c97.dir/build.make CMakeFiles/cmTC_b5c97.dir/build
make[1]: Entering directory '/home/fernanda/VCF_RLZ/build/CMakeFiles/CMakeTmp'
Building C object CMakeFiles/cmTC_b5c97.dir/CMakeCCompilerABI.c.o
/usr/bin/cc     -o CMakeFiles/cmTC_b5c97.dir/CMakeCCompilerABI.c.o   -c /usr/share/cmake-3.7/Modules/CMakeCCompilerABI.c
Linking C executable cmTC_b5c97
/usr/bin/cmake -E cmake_link_script CMakeFiles/cmTC_b5c97.dir/link.txt --verbose=1
/usr/bin/cc      -v CMakeFiles/cmTC_b5c97.dir/CMakeCCompilerABI.c.o  -o cmTC_b5c97 -rdynamic  
Using built-in specs.
COLLECT_GCC=/usr/bin/cc
COLLECT_LTO_WRAPPER=/usr/lib/gcc/x86_64-linux-gnu/6/lto-wrapper
Target: x86_64-linux-gnu
Configured with: ../src/configure -v --with-pkgversion='Debian 6.3.0-18+deb9u1' --with-bugurl=file:///usr/share/doc/gcc-6/README.Bugs --enable-languages=c,ada,c++,java,go,d,fortran,objc,obj-c++ --prefix=/usr --program-suffix=-6 --program-prefix=x86_64-linux-gnu- --enable-shared --enable-linker-build-id --libexecdir=/usr/lib --without-included-gettext --enable-threads=posix --libdir=/usr/lib --enable-nls --with-sysroot=/ --enable-clocale=gnu --enable-libstdcxx-debug --enable-libstdcxx-time=yes --with-default-libstdcxx-abi=new --enable-gnu-unique-object --disable-vtable-verify --enable-libmpx --enable-plugin --enable-default-pie --with-system-zlib --disable-browser-plugin --enable-java-awt=gtk --enable-gtk-cairo --with-java-home=/usr/lib/jvm/java-1.5.0-gcj-6-amd64/jre --enable-java-home --with-jvm-root-dir=/usr/lib/jvm/java-1.5.0-gcj-6-amd64 --with-jvm-jar-dir=/usr/lib/jvm-exports/java-1.5.0-gcj-6-amd64 --with-arch-directory=amd64 --with-ecj-jar=/usr/share/java/eclipse-ecj.jar --with-target-system-zlib --enable-objc-gc=auto --enable-multiarch --with-arch-32=i686 --with-abi=m64 --with-multilib-list=m32,m64,mx32 --enable-multilib --with-tune=generic --enable-checking=release --build=x86_64-linux-gnu --host=x86_64-linux-gnu --target=x86_64-linux-gnu
Thread model: posix
gcc version 6.3.0 20170516 (Debian 6.3.0-18+deb9u1) 
COMPILER_PATH=/usr/lib/gcc/x86_64-linux-gnu/6/:/usr/lib/gcc/x86_64-linux-gnu/6/:/usr/lib/gcc/x86_64-linux-gnu/:/usr/lib/gcc/x86_64-linux-gnu/6/:/usr/lib/gcc/x86_64-linux-gnu/
LIBRARY_PATH=/usr/lib/gcc/x86_64-linux-gnu/6/:/usr/lib/gcc/x86_64-linux-gnu/6/../../../x86_64-linux-gnu/:/usr/lib/gcc/x86_64-linux-gnu/6/../../../../lib/:/lib/x86_64-linux-gnu/:/lib/../lib/:/usr/lib/x86_64-linux-gnu/:/usr/lib/../lib/:/usr/lib/gcc/x86_64-linux-gnu/6/../../../:/lib/:/usr/lib/
COLLECT_GCC_OPTIONS='-v' '-o' 'cmTC_b5c97' '-rdynamic' '-mtune=generic' '-march=x86-64'
 /usr/lib/gcc/x86_64-linux-gnu/6/collect2 -plugin /usr/lib/gcc/x86_64-linux-gnu/6/liblto_plugin.so -plugin-opt=/usr/lib/gcc/x86_64-linux-gnu/6/lto-wrapper -plugin-opt=-fresolution=/tmp/ccNtVpu5.res -plugin-opt=-pass-through=-lgcc -plugin-opt=-pass-through=-lgcc_s -plugin-opt=-pass-through=-lc -plugin-opt=-pass-through=-lgcc -plugin-opt=-pass-through=-lgcc_s --sysroot=/ --build-id --eh-frame-hdr -m elf_x86_64 --hash-style=gnu -export-dynamic -dynamic-linker /lib64/ld-linux-x86-64.so.2 -pie -o cmTC_b5c97 /usr/lib/gcc/x86_64-linux-gnu/6/../../../x86_64-linux-gnu/Scrt1.o /usr/lib/gcc/x86_64-linux-gnu/6/../../../x86_64-linux-gnu/crti.o /usr/lib/gcc/x86_64-linux-gnu/6/crtbeginS.o -L/usr/lib/gcc/x86_64-linux-gnu/6 -L/usr/lib/gcc/x86_64-linux-gnu/6/../../../x86_64-linux-gnu -L/usr/lib/gcc/x86_64-linux-gnu/6/../../../../lib -L/lib/x86_64-linux-gnu -L/lib/../lib -L/usr/lib/x86_64-linux-gnu -L/usr/lib/../lib -L/usr/lib/gcc/x86_64-linux-gnu/6/../../.. CMakeFiles/cmTC_b5c97.dir/CMakeCCompilerABI.c.o -lgcc --as-needed -lgcc_s --no-as-needed -lc -lgcc --as-needed -lgcc_s --no-as-needed /usr/lib/gcc/x86_64-linux-gnu/6/crtendS.o /usr/lib/gcc/x86_64-linux-gnu/6/../../../x86_64-linux-gnu/crtn.o
COLLECT_GCC_OPTIONS='-v' '-o' 'cmTC_b5c97' '-rdynamic' '-mtune=generic' '-march=x86-64'
make[1]: Leaving directory '/home/fernanda/VCF_RLZ/build/CMakeFiles/CMakeTmp'


Parsed C implicit link information from above output:
  link line regex: [^( *|.*[/\])(ld|([^/\]+-)?ld|collect2)[^/\]*( |$)]
  ignore line: [Change Dir: /home/fernanda/VCF_RLZ/build/CMakeFiles/CMakeTmp]
  ignore line: []
  ignore line: [Run Build Command:"/usr/bin/make" "cmTC_b5c97/fast"]
  ignore line: [/usr/bin/make -f CMakeFiles/cmTC_b5c97.dir/build.make CMakeFiles/cmTC_b5c97.dir/build]
  ignore line: [make[1]: Entering directory '/home/fernanda/VCF_RLZ/build/CMakeFiles/CMakeTmp']
  ignore line: [Building C object CMakeFiles/cmTC_b5c97.dir/CMakeCCompilerABI.c.o]
  ignore line: [/usr/bin/cc     -o CMakeFiles/cmTC_b5c97.dir/CMakeCCompilerABI.c.o   -c /usr/share/cmake-3.7/Modules/CMakeCCompilerABI.c]
  ignore line: [Linking C executable cmTC_b5c97]
  ignore line: [/usr/bin/cmake -E cmake_link_script CMakeFiles/cmTC_b5c97.dir/link.txt --verbose=1]
  ignore line: [/usr/bin/cc      -v CMakeFiles/cmTC_b5c97.dir/CMakeCCompilerABI.c.o  -o cmTC_b5c97 -rdynamic  ]
  ignore line: [Using built-in specs.]
  ignore line: [COLLECT_GCC=/usr/bin/cc]
  ignore line: [COLLECT_LTO_WRAPPER=/usr/lib/gcc/x86_64-linux-gnu/6/lto-wrapper]
  ignore line: [Target: x86_64-linux-gnu]
  ignore line: [Configured with: ../src/configure -v --with-pkgversion='Debian 6.3.0-18+deb9u1' --with-bugurl=file:///usr/share/doc/gcc-6/README.Bugs --enable-languages=c,ada,c++,java,go,d,fortran,objc,obj-c++ --prefix=/usr --program-suffix=-6 --program-prefix=x86_64-linux-gnu- --enable-shared --enable-linker-build-id --libexecdir=/usr/lib --without-included-gettext --enable-threads=posix --libdir=/usr/lib --enable-nls --with-sysroot=/ --enable-clocale=gnu --enable-libstdcxx-debug --enable-libstdcxx-time=yes --with-default-libstdcxx-abi=new --enable-gnu-unique-object --disable-vtable-verify --enable-libmpx --enable-plugin --enable-default-pie --with-system-zlib --disable-browser-plugin --enable-java-awt=gtk --enable-gtk-cairo --with-java-home=/usr/lib/jvm/java-1.5.0-gcj-6-amd64/jre --enable-java-home --with-jvm-root-dir=/usr/lib/jvm/java-1.5.0-gcj-6-amd64 --with-jvm-jar-dir=/usr/lib/jvm-exports/java-1.5.0-gcj-6-amd64 --with-arch-directory=amd64 --with-ecj-jar=/usr/share/java/eclipse-ecj.jar --with-target-system-zlib --enable-objc-gc=auto --enable-multiarch --with-arch-32=i686 --with-abi=m64 --with-multilib-list=m32,m64,mx32 --enable-multilib --with-tune=generic --enable-checking=release --build=x86_64-linux-gnu --host=x86_64-linux-gnu --target=x86_64-linux-gnu]
  ignore line: [Thread model: posix]
  ignore line: [gcc version 6.3.0 20170516 (Debian 6.3.0-18+deb9u1) ]
  ignore line: [COMPILER_PATH=/usr/lib/gcc/x86_64-linux-gnu/6/:/usr/lib/gcc/x86_64-linux-gnu/6/:/usr/lib/gcc/x86_64-linux-gnu/:/usr/lib/gcc/x86_64-linux-gnu/6/:/usr/lib/gcc/x86_64-linux-gnu/]
  ignore line: [LIBRARY_PATH=/usr/lib/gcc/x86_64-linux-gnu/6/:/usr/lib/gcc/x86_64-linux-gnu/6/../../../x86_64-linux-gnu/:/usr/lib/gcc/x86_64-linux-gnu/6/../../../../lib/:/lib/x86_64-linux-gnu/:/lib/../lib/:/usr/lib/x86_64-linux-gnu/:/usr/lib/../lib/:/usr/lib/gcc/x86_64-linux-gnu/6/../../../:/lib/:/usr/lib/]
  ignore line: [COLLECT_GCC_OPTIONS='-v' '-o' 'cmTC_b5c97' '-rdynamic' '-mtune=generic' '-march=x86-64']
  link line: [ /usr/lib/gcc/x86_64-linux-gnu/6/collect2 -plugin /usr/lib/gcc/x86_64-linux-gnu/6/liblto_plugin.so -plugin-opt=/usr/lib/gcc/x86_64-linux-gnu/6/lto-wrapper -plugin-opt=-fresolution=/tmp/ccNtVpu5.res -plugin-opt=-pass-through=-lgcc -plugin-opt=-pass-through=-lgcc_s -plugin-opt=-pass-through=-lc -plugin-opt=-pass-through=-lgcc -plugin-opt=-pass-through=-lgcc_s --sysroot=/ --build-id --eh-frame-hdr -m elf_x86_64 --hash-style=gnu -export-dynamic -dynamic-linker /lib64/ld-linux-x86-64.so.2 -pie -o cmTC_b5c97 /usr/lib/gcc/x86_64-linux-gnu/6/../../../x86_64-linux-gnu/Scrt1.o /usr/lib/gcc/x86_64-linux-gnu/6/../../../x86_64-linux-gnu/crti.o /usr/lib/gcc/x86_64-linux-gnu/6/crtbeginS.o -L/usr/lib/gcc/x86_64-linux-gnu/6 -L/usr/lib/gcc/x86_64-linux-gnu/6/../../../x86_64-linux-gnu -L/usr/lib/gcc/x86_64-linux-gnu/6/../../../../lib -L/lib/x86_64-linux-gnu -L/lib/../lib -L/usr/lib/x86_64-linux-gnu -L/usr/lib/../lib -L/usr/lib/gcc/x86_64-linux-gnu/6/../../.. CMakeFiles/cmTC_b5c97.dir/CMakeCCompilerABI.c.o -lgcc --as-needed -lgcc_s --no-as-needed -lc -lgcc --as-needed -lgcc_s --no-as-needed /usr/lib/gcc/x86_64-linux-gnu/6/crtendS.o /usr/lib/gcc/x86_64-linux-gnu/6/../../../x86_64-linux-gnu/crtn.o]
    arg [/usr/lib/gcc/x86_64-linux-gnu/6/collect2] ==> ignore
    arg [-plugin] ==> ignore
    arg [/usr/lib/gcc/x86_64-linux-gnu/6/liblto_plugin.so] ==> ignore
    arg [-plugin-opt=/usr/lib/gcc/x86_64-linux-gnu/6/lto-wrapper] ==> ignore
    arg [-plugin-opt=-fresolution=/tmp/ccNtVpu5.res] ==> ignore
    arg [-plugin-opt=-pass-through=-lgcc] ==> ignore
    arg [-plugin-opt=-pass-through=-lgcc_s] ==> ignore
    arg [-plugin-opt=-pass-through=-lc] ==> ignore
    arg [-plugin-opt=-pass-through=-lgcc] ==> ignore
    arg [-plugin-opt=-pass-through=-lgcc_s] ==> ignore
    arg [--sysroot=/] ==> ignore
    arg [--build-id] ==> ignore
    arg [--eh-frame-hdr] ==> ignore
    arg [-m] ==> ignore
    arg [elf_x86_64] ==> ignore
    arg [--hash-style=gnu] ==> ignore
    arg [-export-dynamic] ==> ignore
    arg [-dynamic-linker] ==> ignore
    arg [/lib64/ld-linux-x86-64.so.2] ==> ignore
    arg [-pie] ==> ignore
    arg [-o] ==> ignore
    arg [cmTC_b5c97] ==> ignore
    arg [/usr/lib/gcc/x86_64-linux-gnu/6/../../../x86_64-linux-gnu/Scrt1.o] ==> ignore
    arg [/usr/lib/gcc/x86_64-linux-gnu/6/../../../x86_64-linux-gnu/crti.o] ==> ignore
    arg [/usr/lib/gcc/x86_64-linux-gnu/6/crtbeginS.o] ==> ignore
    arg [-L/usr/lib/gcc/x86_64-linux-gnu/6] ==> dir [/usr/lib/gcc/x86_64-linux-gnu/6]
    arg [-L/usr/lib/gcc/x86_64-linux-gnu/6/../../../x86_64-linux-gnu] ==> dir [/usr/lib/gcc/x86_64-linux-gnu/6/../../../x86_64-linux-gnu]
    arg [-L/usr/lib/gcc/x86_64-linux-gnu/6/../../../../lib] ==> dir [/usr/lib/gcc/x86_64-linux-gnu/6/../../../../lib]
    arg [-L/lib/x86_64-linux-gnu] ==> dir [/lib/x86_64-linux-gnu]
    arg [-L/lib/../lib] ==> dir [/lib/../lib]
    arg [-L/usr/lib/x86_64-linux-gnu] ==> dir [/usr/lib/x86_64-linux-gnu]
    arg [-L/usr/lib/../lib] ==> dir [/usr/lib/../lib]
    arg [-L/usr/lib/gcc/x86_64-linux-gnu/6/../../..] ==> dir [/usr/lib/gcc/x86_64-linux-gnu/6/../../..]
    arg [CMakeFiles/cmTC_b5c97.dir/CMakeCCompilerABI.c.o] ==> ignore
    arg [-lgcc] ==> lib [gcc]
    arg [--as-needed] ==> ignore
    arg [-lgcc_s] ==> lib [gcc_s]
    arg [--no-as-needed] ==> ignore
    arg [-lc] ==> lib [c]
    arg [-lgcc] ==> lib [gcc]
    arg [--as-needed] ==> ignore
    arg [-lgcc_s] ==> lib [gcc_s]
    arg [--no-as-needed] ==> ignore
    arg [/usr/lib/gcc/x86_64-linux-gnu/6/crtendS.o] ==> ignore
    arg [/usr/lib/gcc/x86_64-linux-gnu/6/../../../x86_64-linux-gnu/crtn.o] ==> ignore
  remove lib [gcc]
  remove lib [gcc_s]
  remove lib [gcc]
  remove lib [gcc_s]
  collapse library dir [/usr/lib/gcc/x86_64-linux-gnu/6] ==> [/usr/lib/gcc/x86_64-linux-gnu/6]
  collapse library dir [/usr/lib/gcc/x86_64-linux-gnu/6/../../../x86_64-linux-gnu] ==> [/usr/lib/x86_64-linux-gnu]
  collapse library dir [/usr/lib/gcc/x86_64-linux-gnu/6/../../../../lib] ==> [/usr/lib]
  collapse library dir [/lib/x86_64-linux-gnu] ==> [/lib/x86_64-linux-gnu]
  collapse library dir [/lib/../lib] ==> [/lib]
  collapse library dir [/usr/lib/x86_64-linux-gnu] ==> [/usr/lib/x86_64-linux-gnu]
  collapse library dir [/usr/lib/../lib] ==> [/usr/lib]
  collapse library dir [/usr/lib/gcc/x86_64-linux-gnu/6/../../..] ==> [/usr/lib]
  implicit libs: [c]
  implicit dirs: [/usr/lib/gcc/x86_64-linux-gnu/6;/usr/lib/x86_64-linux-gnu;/usr/lib;/lib/x86_64-linux-gnu;/lib]
  implicit fwks: []




Detecting C [-std=c11] compiler features compiled with the following output:
Change Dir: /home/fernanda/VCF_RLZ/build/CMakeFiles/CMakeTmp

Run Build Command:"/usr/bin/make" "cmTC_ada8d/fast"
/usr/bin/make -f CMakeFiles/cmTC_ada8d.dir/build.make CMakeFiles/cmTC_ada8d.dir/build
make[1]: Entering directory '/home/fernanda/VCF_RLZ/build/CMakeFiles/CMakeTmp'
Building C object CMakeFiles/cmTC_ada8d.dir/feature_tests.c.o
/usr/bin/cc    -std=c11 -o CMakeFiles/cmTC_ada8d.dir/feature_tests.c.o   -c /home/fernanda/VCF_RLZ/build/CMakeFiles/feature_tests.c
Linking C executable cmTC_ada8d
/usr/bin/cmake -E cmake_link_script CMakeFiles/cmTC_ada8d.dir/link.txt --verbose=1
/usr/bin/cc       CMakeFiles/cmTC_ada8d.dir/feature_tests.c.o  -o cmTC_ada8d -rdynamic 
make[1]: Leaving directory '/home/fernanda/VCF_RLZ/build/CMakeFiles/CMakeTmp'


    Feature record: C_FEATURE:1c_function_prototypes
    Feature record: C_FEATURE:1c_restrict
    Feature record: C_FEATURE:1c_static_assert
    Feature record: C_FEATURE:1c_variadic_macros


Detecting C [-std=c99] compiler features compiled with the following output:
Change Dir: /home/fernanda/VCF_RLZ/build/CMakeFiles/CMakeTmp

Run Build Command:"/usr/bin/make" "cmTC_019e2/fast"
/usr/bin/make -f CMakeFiles/cmTC_019e2.dir/build.make CMakeFiles/cmTC_019e2.dir/build
make[1]: Entering directory '/home/fernanda/VCF_RLZ/build/CMakeFiles/CMakeTmp'
Building C object CMakeFiles/cmTC_019e2.dir/feature_tests.c.o
/usr/bin/cc    -std=c99 -o CMakeFiles/cmTC_019e2.dir/feature_tests.c.o   -c /home/fernanda/VCF_RLZ/build/CMakeFiles/feature_tests.c
Linking C executable cmTC_019e2
/usr/bin/cmake -E cmake_link_script CMakeFiles/cmTC_019e2.dir/link.txt --verbose=1
/usr/bin/cc       CMakeFiles/cmTC_019e2.dir/feature_tests.c.o  -o cmTC_019e2 -rdynamic 
make[1]: Leaving directory '/home/fernanda/VCF_RLZ/build/CMakeFiles/CMakeTmp'


    Feature record: C_FEATURE:1c_function_prototypes
    Feature record: C_FEATURE:1c_restrict
    Feature record: C_FEATURE:0c_static_assert
    Feature record: C_FEATURE:1c_variadic_macros


Detecting C [-std=c90] compiler features compiled with the following output:
Change Dir: /home/fernanda/VCF_RLZ/build/CMakeFiles/CMakeTmp

Run Build Command:"/usr/bin/make" "cmTC_f6d81/fast"
/usr/bin/make -f CMakeFiles/cmTC_f6d81.dir/build.make CMakeFiles/cmTC_f6d81.dir/build
make[1]: Entering directory '/home/fernanda/VCF_RLZ/build/CMakeFiles/CMakeTmp'
Building C object CMakeFiles/cmTC_f6d81.dir/feature_tests.c.o
/usr/bin/cc    -std=c90 -o CMakeFiles/cmTC_f6d81.dir/feature_tests.c.o   -c /home/fernanda/VCF_RLZ/build/CMakeFiles/feature_tests.c
Linking C executable cmTC_f6d81
/usr/bin/cmake -E cmake_link_script CMakeFiles/cmTC_f6d81.dir/link.txt --verbose=1
/usr/bin/cc       CMakeFiles/cmTC_f6d81.dir/feature_tests.c.o  -o cmTC_f6d81 -rdynamic 
make[1]: Leaving directory '/home/fernanda/VCF_RLZ/build/CMakeFiles/CMakeTmp'


    Feature record: C_FEATURE:1c_function_prototypes
    Feature record: C_FEATURE:0c_restrict
    Feature record: C_FEATURE:0c_static_assert
    Feature record: C_FEATURE:0c_variadic_macros
Determining if the CXX compiler works passed with the following output:
Change Dir: /home/fernanda/VCF_RLZ/build/CMakeFiles/CMakeTmp

Run Build Command:"/usr/bin/make" "cmTC_31481/fast"
/usr/bin/make -f CMakeFiles/cmTC_31481.dir/build.make CMakeFiles/cmTC_31481.dir/build
make[1]: Entering directory '/home/fernanda/VCF_RLZ/build/CMakeFiles/CMakeTmp'
Building CXX object CMakeFiles/cmTC_31481.dir/testCXXCompiler.cxx.o
/usr/bin/c++      -o CMakeFiles/cmTC_31481.dir/testCXXCompiler.cxx.o -c /home/fernanda/VCF_RLZ/build/CMakeFiles/CMakeTmp/testCXXCompiler.cxx
Linking CXX executable cmTC_31481
/usr/bin/cmake -E cmake_link_script CMakeFiles/cmTC_31481.dir/link.txt --verbose=1
/usr/bin/c++        CMakeFiles/cmTC_31481.dir/testCXXCompiler.cxx.o  -o cmTC_31481 -rdynamic 
make[1]: Leaving directory '/home/fernanda/VCF_RLZ/build/CMakeFiles/CMakeTmp'


Detecting CXX compiler ABI info compiled with the following output:
Change Dir: /home/fernanda/VCF_RLZ/build/CMakeFiles/CMakeTmp

Run Build Command:"/usr/bin/make" "cmTC_a7843/fast"
/usr/bin/make -f CMakeFiles/cmTC_a7843.dir/build.make CMakeFiles/cmTC_a7843.dir/build
make[1]: Entering directory '/home/fernanda/VCF_RLZ/build/CMakeFiles/CMakeTmp'
Building CXX object CMakeFiles/cmTC_a7843.dir/CMakeCXXCompilerABI.cpp.o
/usr/bin/c++      -o CMakeFiles/cmTC_a7843.dir/CMakeCXXCompilerABI.cpp.o -c /usr/share/cmake-3.7/Modules/CMakeCXXCompilerABI.cpp
Linking CXX executable cmTC_a7843
/usr/bin/cmake -E cmake_link_script CMakeFiles/cmTC_a7843.dir/link.txt --verbose=1
/usr/bin/c++       -v CMakeFiles/cmTC_a7843.dir/CMakeCXXCompilerABI.cpp.o  -o cmTC_a7843 -rdynamic  
Using built-in specs.
COLLECT_GCC=/usr/bin/c++
COLLECT_LTO_WRAPPER=/usr/lib/gcc/x86_64-linux-gnu/6/lto-wrapper
Target: x86_64-linux-gnu
Configured with: ../src/configure -v --with-pkgversion='Debian 6.3.0-18+deb9u1' --with-bugurl=file:///usr/share/doc/gcc-6/README.Bugs --enable-languages=c,ada,c++,java,go,d,fortran,objc,obj-c++ --prefix=/usr --program-suffix=-6 --program-prefix=x86_64-linux-gnu- --enable-shared --enable-linker-build-id --libexecdir=/usr/lib --without-included-gettext --enable-threads=posix --libdir=/usr/lib --enable-nls --with-sysroot=/ --enable-clocale=gnu --enable-libstdcxx-debug --enable-libstdcxx-time=yes --with-default-libstdcxx-abi=new --enable-gnu-unique-object --disable-vtable-verify --enable-libmpx --enable-plugin --enable-default-pie --with-system-zlib --disable-browser-plugin --enable-java-awt=gtk --enable-gtk-cairo --with-java-home=/usr/lib/jvm/java-1.5.0-gcj-6-amd64/jre --enable-java-home --with-jvm-root-dir=/usr/lib/jvm/java-1.5.0-gcj-6-amd64 --with-jvm-jar-dir=/usr/lib/jvm-exports/java-1.5.0-gcj-6-amd64 --with-arch-directory=amd64 --with-ecj-jar=/usr/share/java/eclipse-ecj.jar --with-target-system-zlib --enable-objc-gc=auto --enable-multiarch --with-arch-32=i686 --with-abi=m64 --with-multilib-list=m32,m64,mx32 --enable-multilib --with-tune=generic --enable-checking=release --build=x86_64-linux-gnu --host=x86_64-linux-gnu --target=x86_64-linux-gnu
Thread model: posix
gcc version 6.3.0 20170516 (Debian 6.3.0-18+deb9u1) 
COMPILER_PATH=/usr/lib/gcc/x86_64-linux-gnu/6/:/usr/lib/gcc/x86_64-linux-gnu/6/:/usr/lib/gcc/x86_64-linux-gnu/:/usr/lib/gcc/x86_64-linux-gnu/6/:/usr/lib/gcc/x86_64-linux-gnu/
LIBRARY_PATH=/usr/lib/gcc/x86_64-linux-gnu/6/:/usr/lib/gcc/x86_64-linux-gnu/6/../../../x86_64-linux-gnu/:/usr/lib/gcc/x86_64-linux-gnu/6/../../../../lib/:/lib/x86_64-linux-gnu/:/lib/../lib/:/usr/lib/x86_64-linux-gnu/:/usr/lib/../lib/:/usr/lib/gcc/x86_64-linux-gnu/6/../../../:/lib/:/usr/lib/
COLLECT_GCC_OPTIONS='-v' '-o' 'cmTC_a7843' '-rdynamic' '-shared-libgcc' '-mtune=generic' '-march=x86-64'
 /usr/lib/gcc/x86_64-linux-gnu/6/collect2 -plugin /usr/lib/gcc/x86_64-linux-gnu/6/liblto_plugin.so -plugin-opt=/usr/lib/gcc/x86_64-linux-gnu/6/lto-wrapper -plugin-opt=-fresolution=/tmp/ccVjDXxI.res -plugin-opt=-pass-through=-lgcc_s -plugin-opt=-pass-through=-lgcc -plugin-opt=-pass-through=-lc -plugin-opt=-pass-through=-lgcc_s -plugin-opt=-pass-through=-lgcc --sysroot=/ --build-id --eh-frame-hdr -m elf_x86_64 --hash-style=gnu -export-dynamic -dynamic-linker /lib64/ld-linux-x86-64.so.2 -pie -o cmTC_a7843 /usr/lib/gcc/x86_64-linux-gnu/6/../../../x86_64-linux-gnu/Scrt1.o /usr/lib/gcc/x86_64-linux-gnu/6/../../../x86_64-linux-gnu/crti.o /usr/lib/gcc/x86_64-linux-gnu/6/crtbeginS.o -L/usr/lib/gcc/x86_64-linux-gnu/6 -L/usr/lib/gcc/x86_64-linux-gnu/6/../../../x86_64-linux-gnu -L/usr/lib/gcc/x86_64-linux-gnu/6/../../../../lib -L/lib/x86_64-linux-gnu -L/lib/../lib -L/usr/lib/x86_64-linux-gnu -L/usr/lib/../lib -L/usr/lib/gcc/x86_64-linux-gnu/6/../../.. CMakeFiles/cmTC_a7843.dir/CMakeCXXCompilerABI.cpp.o -lstdc++ -lm -lgcc_s -lgcc -lc -lgcc_s -lgcc /usr/lib/gcc/x86_64-linux-gnu/6/crtendS.o /usr/lib/gcc/x86_64-linux-gnu/6/../../../x86_64-linux-gnu/crtn.o
COLLECT_GCC_OPTIONS='-v' '-o' 'cmTC_a7843' '-rdynamic' '-shared-libgcc' '-mtune=generic' '-march=x86-64'
make[1]: Leaving directory '/home/fernanda/VCF_RLZ/build/CMakeFiles/CMakeTmp'


Parsed CXX implicit link information from above output:
  link line regex: [^( *|.*[/\])(ld|([^/\]+-)?ld|collect2)[^/\]*( |$)]
  ignore line: [Change Dir: /home/fernanda/VCF_RLZ/build/CMakeFiles/CMakeTmp]
  ignore line: []
  ignore line: [Run Build Command:"/usr/bin/make" "cmTC_a7843/fast"]
  ignore line: [/usr/bin/make -f CMakeFiles/cmTC_a7843.dir/build.make CMakeFiles/cmTC_a7843.dir/build]
  ignore line: [make[1]: Entering directory '/home/fernanda/VCF_RLZ/build/CMakeFiles/CMakeTmp']
  ignore line: [Building CXX object CMakeFiles/cmTC_a7843.dir/CMakeCXXCompilerABI.cpp.o]
  ignore line: [/usr/bin/c++      -o CMakeFiles/cmTC_a7843.dir/CMakeCXXCompilerABI.cpp.o -c /usr/share/cmake-3.7/Modules/CMakeCXXCompilerABI.cpp]
  ignore line: [Linking CXX executable cmTC_a7843]
  ignore line: [/usr/bin/cmake -E cmake_link_script CMakeFiles/cmTC_a7843.dir/link.txt --verbose=1]
  ignore line: [/usr/bin/c++       -v CMakeFiles/cmTC_a7843.dir/CMakeCXXCompilerABI.cpp.o  -o cmTC_a7843 -rdynamic  ]
  ignore line: [Using built-in specs.]
  ignore line: [COLLECT_GCC=/usr/bin/c++]
  ignore line: [COLLECT_LTO_WRAPPER=/usr/lib/gcc/x86_64-linux-gnu/6/lto-wrapper]
  ignore line: [Target: x86_64-linux-gnu]
  ignore line: [Configured with: ../src/configure -v --with-pkgversion='Debian 6.3.0-18+deb9u1' --with-bugurl=file:///usr/share/doc/gcc-6/README.Bugs --enable-languages=c,ada,c++,java,go,d,fortran,objc,obj-c++ --prefix=/usr --program-suffix=-6 --program-prefix=x86_64-linux-gnu- --enable-shared --enable-linker-build-id --libexecdir=/usr/lib --without-included-gettext --enable-threads=posix --libdir=/usr/lib --enable-nls --with-sysroot=/ --enable-clocale=gnu --enable-libstdcxx-debug --enable-libstdcxx-time=yes --with-default-libstdcxx-abi=new --enable-gnu-unique-object --disable-vtable-verify --enable-libmpx --enable-plugin --enable-default-pie --with-system-zlib --disable-browser-plugin --enable-java-awt=gtk --enable-gtk-cairo --with-java-home=/usr/lib/jvm/java-1.5.0-gcj-6-amd64/jre --enable-java-home --with-jvm-root-dir=/usr/lib/jvm/java-1.5.0-gcj-6-amd64 --with-jvm-jar-dir=/usr/lib/jvm-exports/java-1.5.0-gcj-6-amd64 --with-arch-directory=amd64 --with-ecj-jar=/usr/share/java/eclipse-ecj.jar --with-target-system-zlib --enable-objc-gc=auto --enable-multiarch --with-arch-32=i686 --with-abi=m64 --with-multilib-list=m32,m64,mx32 --enable-multilib --with-tune=generic --enable-checking=release --build=x86_64-linux-gnu --host=x86_64-linux-gnu --target=x86_64-linux-gnu]
  ignore line: [Thread model: posix]
  ignore line: [gcc version 6.3.0 20170516 (Debian 6.3.0-18+deb9u1) ]
  ignore line: [COMPILER_PATH=/usr/lib/gcc/x86_64-linux-gnu/6/:/usr/lib/gcc/x86_64-linux-gnu/6/:/usr/lib/gcc/x86_64-linux-gnu/:/usr/lib/gcc/x86_64-linux-gnu/6/:/usr/lib/gcc/x86_64-linux-gnu/]
  ignore line: [LIBRARY_PATH=/usr/lib/gcc/x86_64-linux-gnu/6/:/usr/lib/gcc/x86_64-linux-gnu/6/../../../x86_64-linux-gnu/:/usr/lib/gcc/x86_64-linux-gnu/6/../../../../lib/:/lib/x86_64-linux-gnu/:/lib/../lib/:/usr/lib/x86_64-linux-gnu/:/usr/lib/../lib/:/usr/lib/gcc/x86_64-linux-gnu/6/../../../:/lib/:/usr/lib/]
  ignore line: [COLLECT_GCC_OPTIONS='-v' '-o' 'cmTC_a7843' '-rdynamic' '-shared-libgcc' '-mtune=generic' '-march=x86-64']
  link line: [ /usr/lib/gcc/x86_64-linux-gnu/6/collect2 -plugin /usr/lib/gcc/x86_64-linux-gnu/6/liblto_plugin.so -plugin-opt=/usr/lib/gcc/x86_64-linux-gnu/6/lto-wrapper -plugin-opt=-fresolution=/tmp/ccVjDXxI.res -plugin-opt=-pass-through=-lgcc_s -plugin-opt=-pass-through=-lgcc -plugin-opt=-pass-through=-lc -plugin-opt=-pass-through=-lgcc_s -plugin-opt=-pass-through=-lgcc --sysroot=/ --build-id --eh-frame-hdr -m elf_x86_64 --hash-style=gnu -export-dynamic -dynamic-linker /lib64/ld-linux-x86-64.so.2 -pie -o cmTC_a7843 /usr/lib/gcc/x86_64-linux-gnu/6/../../../x86_64-linux-gnu/Scrt1.o /usr/lib/gcc/x86_64-linux-gnu/6/../../../x86_64-linux-gnu/crti.o /usr/lib/gcc/x86_64-linux-gnu/6/crtbeginS.o -L/usr/lib/gcc/x86_64-linux-gnu/6 -L/usr/lib/gcc/x86_64-linux-gnu/6/../../../x86_64-linux-gnu -L/usr/lib/gcc/x86_64-linux-gnu/6/../../../../lib -L/lib/x86_64-linux-gnu -L/lib/../lib -L/usr/lib/x86_64-linux-gnu -L/usr/lib/../lib -L/usr/lib/gcc/x86_64-linux-gnu/6/../../.. CMakeFiles/cmTC_a7843.dir/CMakeCXXCompilerABI.cpp.o -lstdc++ -lm -lgcc_s -lgcc -lc -lgcc_s -lgcc /usr/lib/gcc/x86_64-linux-gnu/6/crtendS.o /usr/lib/gcc/x86_64-linux-gnu/6/../../../x86_64-linux-gnu/crtn.o]
    arg [/usr/lib/gcc/x86_64-linux-gnu/6/collect2] ==> ignore
    arg [-plugin] ==> ignore
    arg [/usr/lib/gcc/x86_64-linux-gnu/6/liblto_plugin.so] ==> ignore
    arg [-plugin-opt=/usr/lib/gcc/x86_64-linux-gnu/6/lto-wrapper] ==> ignore
    arg [-plugin-opt=-fresolution=/tmp/ccVjDXxI.res] ==> ignore
    arg [-plugin-opt=-pass-through=-lgcc_s] ==> ignore
    arg [-plugin-opt=-pass-through=-lgcc] ==> ignore
    arg [-plugin-opt=-pass-through=-lc] ==> ignore
    arg [-plugin-opt=-pass-through=-lgcc_s] ==> ignore
    arg [-plugin-opt=-pass-through=-lgcc] ==> ignore
    arg [--sysroot=/] ==> ignore
    arg [--build-id] ==> ignore
    arg [--eh-frame-hdr] ==> ignore
    arg [-m] ==> ignore
    arg [elf_x86_64] ==> ignore
    arg [--hash-style=gnu] ==> ignore
    arg [-export-dynamic] ==> ignore
    arg [-dynamic-linker] ==> ignore
    arg [/lib64/ld-linux-x86-64.so.2] ==> ignore
    arg [-pie] ==> ignore
    arg [-o] ==> ignore
    arg [cmTC_a7843] ==> ignore
    arg [/usr/lib/gcc/x86_64-linux-gnu/6/../../../x86_64-linux-gnu/Scrt1.o] ==> ignore
    arg [/usr/lib/gcc/x86_64-linux-gnu/6/../../../x86_64-linux-gnu/crti.o] ==> ignore
    arg [/usr/lib/gcc/x86_64-linux-gnu/6/crtbeginS.o] ==> ignore
    arg [-L/usr/lib/gcc/x86_64-linux-gnu/6] ==> dir [/usr/lib/gcc/x86_64-linux-gnu/6]
    arg [-L/usr/lib/gcc/x86_64-linux-gnu/6/../../../x86_64-linux-gnu] ==> dir [/usr/lib/gcc/x86_64-linux-gnu/6/../../../x86_64-linux-gnu]
    arg [-L/usr/lib/gcc/x86_64-linux-gnu/6/../../../../lib] ==> dir [/usr/lib/gcc/x86_64-linux-gnu/6/../../../../lib]
    arg [-L/lib/x86_64-linux-gnu] ==> dir [/lib/x86_64-linux-gnu]
    arg [-L/lib/../lib] ==> dir [/lib/../lib]
    arg [-L/usr/lib/x86_64-linux-gnu] ==> dir [/usr/lib/x86_64-linux-gnu]
    arg [-L/usr/lib/../lib] ==> dir [/usr/lib/../lib]
    arg [-L/usr/lib/gcc/x86_64-linux-gnu/6/../../..] ==> dir [/usr/lib/gcc/x86_64-linux-gnu/6/../../..]
    arg [CMakeFiles/cmTC_a7843.dir/CMakeCXXCompilerABI.cpp.o] ==> ignore
    arg [-lstdc++] ==> lib [stdc++]
    arg [-lm] ==> lib [m]
    arg [-lgcc_s] ==> lib [gcc_s]
    arg [-lgcc] ==> lib [gcc]
    arg [-lc] ==> lib [c]
    arg [-lgcc_s] ==> lib [gcc_s]
    arg [-lgcc] ==> lib [gcc]
    arg [/usr/lib/gcc/x86_64-linux-gnu/6/crtendS.o] ==> ignore
    arg [/usr/lib/gcc/x86_64-linux-gnu/6/../../../x86_64-linux-gnu/crtn.o] ==> ignore
  remove lib [gcc_s]
  remove lib [gcc]
  remove lib [gcc_s]
  remove lib [gcc]
  collapse library dir [/usr/lib/gcc/x86_64-linux-gnu/6] ==> [/usr/lib/gcc/x86_64-linux-gnu/6]
  collapse library dir [/usr/lib/gcc/x86_64-linux-gnu/6/../../../x86_64-linux-gnu] ==> [/usr/lib/x86_64-linux-gnu]
  collapse library dir [/usr/lib/gcc/x86_64-linux-gnu/6/../../../../lib] ==> [/usr/lib]
  collapse library dir [/lib/x86_64-linux-gnu] ==> [/lib/x86_64-linux-gnu]
  collapse library dir [/lib/../lib] ==> [/lib]
  collapse library dir [/usr/lib/x86_64-linux-gnu] ==> [/usr/lib/x86_64-linux-gnu]
  collapse library dir [/usr/lib/../lib] ==> [/usr/lib]
  collapse library dir [/usr/lib/gcc/x86_64-linux-gnu/6/../../..] ==> [/usr/lib]
  implicit libs: [stdc++;m;c]
  implicit dirs: [/usr/lib/gcc/x86_64-linux-gnu/6;/usr/lib/x86_64-linux-gnu;/usr/lib;/lib/x86_64-linux-gnu;/lib]
  implicit fwks: []




Detecting CXX [-std=c++14] compiler features compiled with the following output:
Change Dir: /home/fernanda/VCF_RLZ/build/CMakeFiles/CMakeTmp

Run Build Command:"/usr/bin/make" "cmTC_c38ff/fast"
/usr/bin/make -f CMakeFiles/cmTC_c38ff.dir/build.make CMakeFiles/cmTC_c38ff.dir/build
make[1]: Entering directory '/home/fernanda/VCF_RLZ/build/CMakeFiles/CMakeTmp'
Building CXX object CMakeFiles/cmTC_c38ff.dir/feature_tests.cxx.o
/usr/bin/c++     -std=c++14 -o CMakeFiles/cmTC_c38ff.dir/feature_tests.cxx.o -c /home/fernanda/VCF_RLZ/build/CMakeFiles/feature_tests.cxx
Linking CXX executable cmTC_c38ff
/usr/bin/cmake -E cmake_link_script CMakeFiles/cmTC_c38ff.dir/link.txt --verbose=1
/usr/bin/c++        CMakeFiles/cmTC_c38ff.dir/feature_tests.cxx.o  -o cmTC_c38ff -rdynamic 
make[1]: Leaving directory '/home/fernanda/VCF_RLZ/build/CMakeFiles/CMakeTmp'


    Feature record: CXX_FEATURE:1cxx_aggregate_default_initializers
    Feature record: CXX_FEATURE:1cxx_alias_templates
    Feature record: CXX_FEATURE:1cxx_alignas
    Feature record: CXX_FEATURE:1cxx_alignof
    Feature record: CXX_FEATURE:1cxx_attributes
    Feature record: CXX_FEATURE:1cxx_attribute_deprecated
    Feature record: CXX_FEATURE:1cxx_auto_type
    Feature record: CXX_FEATURE:1cxx_binary_literals
    Feature record: CXX_FEATURE:1cxx_constexpr
    Feature record: CXX_FEATURE:1cxx_contextual_conversions
    Feature record: CXX_FEATURE:1cxx_decltype
    Feature record: CXX_FEATURE:1cxx_decltype_auto
    Feature record: CXX_FEATURE:1cxx_decltype_incomplete_return_types
    Feature record: CXX_FEATURE:1cxx_default_function_template_args
    Feature record: CXX_FEATURE:1cxx_defaulted_functions
    Feature record: CXX_FEATURE:1cxx_defaulted_move_initializers
    Feature record: CXX_FEATURE:1cxx_delegating_constructors
    Feature record: CXX_FEATURE:1cxx_deleted_functions
    Feature record: CXX_FEATURE:1cxx_digit_separators
    Feature record: CXX_FEATURE:1cxx_enum_forward_declarations
    Feature record: CXX_FEATURE:1cxx_explicit_conversions
    Feature record: CXX_FEATURE:1cxx_extended_friend_declarations
    Feature record: CXX_FEATURE:1cxx_extern_templates
    Feature record: CXX_FEATURE:1cxx_final
    Feature record: CXX_FEATURE:1cxx_func_identifier
    Feature record: CXX_FEATURE:1cxx_generalized_initializers
    Feature record: CXX_FEATURE:1cxx_generic_lambdas
    Feature record: CXX_FEATURE:1cxx_inheriting_constructors
    Feature record: CXX_FEATURE:1cxx_inline_namespaces
    Feature record: CXX_FEATURE:1cxx_lambdas
    Feature record: CXX_FEATURE:1cxx_lambda_init_captures
    Feature record: CXX_FEATURE:1cxx_local_type_template_args
    Feature record: CXX_FEATURE:1cxx_long_long_type
    Feature record: CXX_FEATURE:1cxx_noexcept
    Feature record: CXX_FEATURE:1cxx_nonstatic_member_init
    Feature record: CXX_FEATURE:1cxx_nullptr
    Feature record: CXX_FEATURE:1cxx_override
    Feature record: CXX_FEATURE:1cxx_range_for
    Feature record: CXX_FEATURE:1cxx_raw_string_literals
    Feature record: CXX_FEATURE:1cxx_reference_qualified_functions
    Feature record: CXX_FEATURE:1cxx_relaxed_constexpr
    Feature record: CXX_FEATURE:1cxx_return_type_deduction
    Feature record: CXX_FEATURE:1cxx_right_angle_brackets
    Feature record: CXX_FEATURE:1cxx_rvalue_references
    Feature record: CXX_FEATURE:1cxx_sizeof_member
    Feature record: CXX_FEATURE:1cxx_static_assert
    Feature record: CXX_FEATURE:1cxx_strong_enums
    Feature record: CXX_FEATURE:1cxx_template_template_parameters
    Feature record: CXX_FEATURE:1cxx_thread_local
    Feature record: CXX_FEATURE:1cxx_trailing_return_types
    Feature record: CXX_FEATURE:1cxx_unicode_literals
    Feature record: CXX_FEATURE:1cxx_uniform_initialization
    Feature record: CXX_FEATURE:1cxx_unrestricted_unions
    Feature record: CXX_FEATURE:1cxx_user_literals
    Feature record: CXX_FEATURE:1cxx_variable_templates
    Feature record: CXX_FEATURE:1cxx_variadic_macros
    Feature record: CXX_FEATURE:1cxx_variadic_templates


Detecting CXX [-std=c++11] compiler features compiled with the following output:
Change Dir: /home/fernanda/VCF_RLZ/build/CMakeFiles/CMakeTmp

Run Build Command:"/usr/bin/make" "cmTC_f9768/fast"
/usr/bin/make -f CMakeFiles/cmTC_f9768.dir/build.make CMakeFiles/cmTC_f9768.dir/build
make[1]: Entering directory '/home/fernanda/VCF_RLZ/build/CMakeFiles/CMakeTmp'
Building CXX object CMakeFiles/cmTC_f9768.dir/feature_tests.cxx.o
/usr/bin/c++     -std=c++11 -o CMakeFiles/cmTC_f9768.dir/feature_tests.cxx.o -c /home/fernanda/VCF_RLZ/build/CMakeFiles/feature_tests.cxx
Linking CXX executable cmTC_f9768
/usr/bin/cmake -E cmake_link_script CMakeFiles/cmTC_f9768.dir/link.txt --verbose=1
/usr/bin/c++        CMakeFiles/cmTC_f9768.dir/feature_tests.cxx.o  -o cmTC_f9768 -rdynamic 
make[1]: Leaving directory '/home/fernanda/VCF_RLZ/build/CMakeFiles/CMakeTmp'


    Feature record: CXX_FEATURE:0cxx_aggregate_default_initializers
    Feature record: CXX_FEATURE:1cxx_alias_templates
    Feature record: CXX_FEATURE:1cxx_alignas
    Feature record: CXX_FEATURE:1cxx_alignof
    Feature record: CXX_FEATURE:1cxx_attributes
    Feature record: CXX_FEATURE:0cxx_attribute_deprecated
    Feature record: CXX_FEATURE:1cxx_auto_type
    Feature record: CXX_FEATURE:0cxx_binary_literals
    Feature record: CXX_FEATURE:1cxx_constexpr
    Feature record: CXX_FEATURE:0cxx_contextual_conversions
    Feature record: CXX_FEATURE:1cxx_decltype
    Feature record: CXX_FEATURE:0cxx_decltype_auto
    Feature record: CXX_FEATURE:1cxx_decltype_incomplete_return_types
    Feature record: CXX_FEATURE:1cxx_default_function_template_args
    Feature record: CXX_FEATURE:1cxx_defaulted_functions
    Feature record: CXX_FEATURE:1cxx_defaulted_move_initializers
    Feature record: CXX_FEATURE:1cxx_delegating_constructors
    Feature record: CXX_FEATURE:1cxx_deleted_functions
    Feature record: CXX_FEATURE:0cxx_digit_separators
    Feature record: CXX_FEATURE:1cxx_enum_forward_declarations
    Feature record: CXX_FEATURE:1cxx_explicit_conversions
    Feature record: CXX_FEATURE:1cxx_extended_friend_declarations
    Feature record: CXX_FEATURE:1cxx_extern_templates
    Feature record: CXX_FEATURE:1cxx_final
    Feature record: CXX_FEATURE:1cxx_func_identifier
    Feature record: CXX_FEATURE:1cxx_generalized_initializers
    Feature record: CXX_FEATURE:0cxx_generic_lambdas
    Feature record: CXX_FEATURE:1cxx_inheriting_constructors
    Feature record: CXX_FEATURE:1cxx_inline_namespaces
    Feature record: CXX_FEATURE:1cxx_lambdas
    Feature record: CXX_FEATURE:0cxx_lambda_init_captures
    Feature record: CXX_FEATURE:1cxx_local_type_template_args
    Feature record: CXX_FEATURE:1cxx_long_long_type
    Feature record: CXX_FEATURE:1cxx_noexcept
    Feature record: CXX_FEATURE:1cxx_nonstatic_member_init
    Feature record: CXX_FEATURE:1cxx_nullptr
    Feature record: CXX_FEATURE:1cxx_override
    Feature record: CXX_FEATURE:1cxx_range_for
    Feature record: CXX_FEATURE:1cxx_raw_string_literals
    Feature record: CXX_FEATURE:1cxx_reference_qualified_functions
    Feature record: CXX_FEATURE:0cxx_relaxed_constexpr
    Feature record: CXX_FEATURE:0cxx_return_type_deduction
    Feature record: CXX_FEATURE:1cxx_right_angle_brackets
    Feature record: CXX_FEATURE:1cxx_rvalue_references
    Feature record: CXX_FEATURE:1cxx_sizeof_member
    Feature record: CXX_FEATURE:1cxx_static_assert
    Feature record: CXX_FEATURE:1cxx_strong_enums
    Feature record: CXX_FEATURE:1cxx_template_template_parameters
    Feature record: CXX_FEATURE:1cxx_thread_local
    Feature record: CXX_FEATURE:1cxx_trailing_return_types
    Feature record: CXX_FEATURE:1cxx_unicode_literals
    Feature record: CXX_FEATURE:1cxx_uniform_initialization
    Feature record: CXX_FEATURE:1cxx_unrestricted_unions
    Feature record: CXX_FEATURE:1cxx_user_literals
    Feature record: CXX_FEATURE:0cxx_variable_templates
    Feature record: CXX_FEATURE:1cxx_variadic_macros
    Feature record: CXX_FEATURE:1cxx_variadic_templates


Detecting CXX [-std=c++98] compiler features compiled with the following output:
Change Dir: /home/fernanda/VCF_RLZ/build/CMakeFiles/CMakeTmp

Run Build Command:"/usr/bin/make" "cmTC_10ff7/fast"
/usr/bin/make -f CMakeFiles/cmTC_10ff7.dir/build.make CMakeFiles/cmTC_10ff7.dir/build
make[1]: Entering directory '/home/fernanda/VCF_RLZ/build/CMakeFiles/CMakeTmp'
Building CXX object CMakeFiles/cmTC_10ff7.dir/feature_tests.cxx.o
/usr/bin/c++     -std=c++98 -o CMakeFiles/cmTC_10ff7.dir/feature_tests.cxx.o -c /home/fernanda/VCF_RLZ/build/CMakeFiles/feature_tests.cxx
Linking CXX executable cmTC_10ff7
/usr/bin/cmake -E cmake_link_script CMakeFiles/cmTC_10ff7.dir/link.txt --verbose=1
/usr/bin/c++        CMakeFiles/cmTC_10ff7.dir/feature_tests.cxx.o  -o cmTC_10ff7 -rdynamic 
make[1]: Leaving directory '/home/fernanda/VCF_RLZ/build/CMakeFiles/CMakeTmp'


    Feature record: CXX_FEATURE:0cxx_aggregate_default_initializers
    Feature record: CXX_FEATURE:0cxx_alias_templates
    Feature record: CXX_FEATURE:0cxx_alignas
    Feature record: CXX_FEATURE:0cxx_alignof
    Feature record: CXX_FEATURE:0cxx_attributes
    Feature record: CXX_FEATURE:0cxx_attribute_deprecated
    Feature record: CXX_FEATURE:0cxx_auto_type
    Feature record: CXX_FEATURE:0cxx_binary_literals
    Feature record: CXX_FEATURE:0cxx_constexpr
    Feature record: CXX_FEATURE:0cxx_contextual_conversions
    Feature record: CXX_FEATURE:0cxx_decltype
    Feature record: CXX_FEATURE:0cxx_decltype_auto
    Feature record: CXX_FEATURE:0cxx_decltype_incomplete_return_types
    Feature record: CXX_FEATURE:0cxx_default_function_template_args
    Feature record: CXX_FEATURE:0cxx_defaulted_functions
    Feature record: CXX_FEATURE:0cxx_defaulted_move_initializers
    Feature record: CXX_FEATURE:0cxx_delegating_constructors
    Feature record: CXX_FEATURE:0cxx_deleted_functions
    Feature record: CXX_FEATURE:0cxx_digit_separators
    Feature record: CXX_FEATURE:0cxx_enum_forward_declarations
    Feature record: CXX_FEATURE:0cxx_explicit_conversions
    Feature record: CXX_FEATURE:0cxx_extended_friend_declarations
    Feature record: CXX_FEATURE:0cxx_extern_templates
    Feature record: CXX_FEATURE:0cxx_final
    Feature record: CXX_FEATURE:0cxx_func_identifier
    Feature record: CXX_FEATURE:0cxx_generalized_initializers
    Feature record: CXX_FEATURE:0cxx_generic_lambdas
    Feature record: CXX_FEATURE:0cxx_inheriting_constructors
    Feature record: CXX_FEATURE:0cxx_inline_namespaces
    Feature record: CXX_FEATURE:0cxx_lambdas
    Feature record: CXX_FEATURE:0cxx_lambda_init_captures
    Feature record: CXX_FEATURE:0cxx_local_type_template_args
    Feature record: CXX_FEATURE:0cxx_long_long_type
    Feature record: CXX_FEATURE:0cxx_noexcept
    Feature record: CXX_FEATURE:0cxx_nonstatic_member_init
    Feature record: CXX_FEATURE:0cxx_nullptr
    Feature record: CXX_FEATURE:0cxx_override
    Feature record: CXX_FEATURE:0cxx_range_for
    Feature record: CXX_FEATURE:0cxx_raw_string_literals
    Feature record: CXX_FEATURE:0cxx_reference_qualified_functions
    Feature record: CXX_FEATURE:0cxx_relaxed_constexpr
    Feature record: CXX_FEATURE:0cxx_return_type_deduction
    Feature record: CXX_FEATURE:0cxx_right_angle_brackets
    Feature record: CXX_FEATURE:0cxx_rvalue_references
    Feature record: CXX_FEATURE:0cxx_sizeof_member
    Feature record: CXX_FEATURE:0cxx_static_assert
    Feature record: CXX_FEATURE:0cxx_strong_enums
    Feature record: CXX_FEATURE:1cxx_template_template_parameters
    Feature record: CXX_FEATURE:0cxx_thread_local
    Feature record: CXX_FEATURE:0cxx_trailing_return_types
    Feature record: CXX_FEATURE:0cxx_unicode_literals
    Feature record: CXX_FEATURE:0cxx_uniform_initialization
    Feature record: CXX_FEATURE:0cxx_unrestricted_unions
    Feature record: CXX_FEATURE:0cxx_user_literals
    Feature record: CXX_FEATURE:0cxx_variable_templates
    Feature record: CXX_FEATURE:0cxx_variadic_macros
    Feature record: CXX_FEATURE:0cxx_variadic_templates
Performing C++ SOURCE FILE Test CXX_HAS_FLAGS_WEXTRA succeeded with the following output:
Change Dir: /home/fernanda/VCF_RLZ/build/CMakeFiles/CMakeTmp

Run Build Command:"/usr/bin/make" "cmTC_4fd9c/fast"
/usr/bin/make -f CMakeFiles/cmTC_4fd9c.dir/build.make CMakeFiles/cmTC_4fd9c.dir/build
make[1]: Entering directory '/home/fernanda/VCF_RLZ/build/CMakeFiles/CMakeTmp'
Building CXX object CMakeFiles/cmTC_4fd9c.dir/src.cxx.o
/usr/bin/c++     -W -Wall -W -Wall -pedantic -Wno-long-long -DCXX_HAS_FLAGS_WEXTRA   -Wextra -o CMakeFiles/cmTC_4fd9c.dir/src.cxx.o -c /home/fernanda/VCF_RLZ/build/CMakeFiles/CMakeTmp/src.cxx
Linking CXX executable cmTC_4fd9c
/usr/bin/cmake -E cmake_link_script CMakeFiles/cmTC_4fd9c.dir/link.txt --verbose=1
/usr/bin/c++    -W -Wall -W -Wall -pedantic -Wno-long-long -DCXX_HAS_FLAGS_WEXTRA    CMakeFiles/cmTC_4fd9c.dir/src.cxx.o  -o cmTC_4fd9c -rdynamic 
make[1]: Leaving directory '/home/fernanda/VCF_RLZ/build/CMakeFiles/CMakeTmp'

Source file was:
int main() { return 0; }
Performing C++ SOURCE FILE Test CXX_HAS_TEMPLATE_DEPTH succeeded with the following output:
Change Dir: /home/fernanda/VCF_RLZ/build/CMakeFiles/CMakeTmp

Run Build Command:"/usr/bin/make" "cmTC_fe3a3/fast"
/usr/bin/make -f CMakeFiles/cmTC_fe3a3.dir/build.make CMakeFiles/cmTC_fe3a3.dir/build
make[1]: Entering directory '/home/fernanda/VCF_RLZ/build/CMakeFiles/CMakeTmp'
Building CXX object CMakeFiles/cmTC_fe3a3.dir/src.cxx.o
/usr/bin/c++     -W -Wall -W -Wall -pedantic -Wno-long-long -Wextra -DCXX_HAS_TEMPLATE_DEPTH   -ftemplate-depth=1024 -o CMakeFiles/cmTC_fe3a3.dir/src.cxx.o -c /home/fernanda/VCF_RLZ/build/CMakeFiles/CMakeTmp/src.cxx
Linking CXX executable cmTC_fe3a3
/usr/bin/cmake -E cmake_link_script CMakeFiles/cmTC_fe3a3.dir/link.txt --verbose=1
/usr/bin/c++    -W -Wall -W -Wall -pedantic -Wno-long-long -Wextra -DCXX_HAS_TEMPLATE_DEPTH    CMakeFiles/cmTC_fe3a3.dir/src.cxx.o  -o cmTC_fe3a3 -rdynamic 
make[1]: Leaving directory '/home/fernanda/VCF_RLZ/build/CMakeFiles/CMakeTmp'

Source file was:
int main() { return 0; }
Performing C++ SOURCE FILE Test CXX_HAS_STD_CXX11 succeeded with the following output:
Change Dir: /home/fernanda/VCF_RLZ/build/CMakeFiles/CMakeTmp

Run Build Command:"/usr/bin/make" "cmTC_08c4c/fast"
/usr/bin/make -f CMakeFiles/cmTC_08c4c.dir/build.make CMakeFiles/cmTC_08c4c.dir/build
make[1]: Entering directory '/home/fernanda/VCF_RLZ/build/CMakeFiles/CMakeTmp'
Building CXX object CMakeFiles/cmTC_08c4c.dir/src.cxx.o
/usr/bin/c++     -W -Wall -W -Wall -pedantic -Wno-long-long -Wextra -ftemplate-depth=1024 -DCXX_HAS_STD_CXX11   -std=c++11 -o CMakeFiles/cmTC_08c4c.dir/src.cxx.o -c /home/fernanda/VCF_RLZ/build/CMakeFiles/CMakeTmp/src.cxx
Linking CXX executable cmTC_08c4c
/usr/bin/cmake -E cmake_link_script CMakeFiles/cmTC_08c4c.dir/link.txt --verbose=1
/usr/bin/c++    -W -Wall -W -Wall -pedantic -Wno-long-long -Wextra -ftemplate-depth=1024 -DCXX_HAS_STD_CXX11    CMakeFiles/cmTC_08c4c.dir/src.cxx.o  -o cmTC_08c4c -rdynamic 
make[1]: Leaving directory '/home/fernanda/VCF_RLZ/build/CMakeFiles/CMakeTmp'

Source file was:
int main() { return 0; }
Performing C++ SOURCE FILE Test STXXL_HAVE_CXX11_RANGE_FOR_LOOP succeeded with the following output:
Change Dir: /home/fernanda/VCF_RLZ/build/CMakeFiles/CMakeTmp

Run Build Command:"/usr/bin/make" "cmTC_145d6/fast"
/usr/bin/make -f CMakeFiles/cmTC_145d6.dir/build.make CMakeFiles/cmTC_145d6.dir/build
make[1]: Entering directory '/home/fernanda/VCF_RLZ/build/CMakeFiles/CMakeTmp'
Building CXX object CMakeFiles/cmTC_145d6.dir/src.cxx.o
/usr/bin/c++     -W -Wall -W -Wall -pedantic -Wno-long-long -Wextra -ftemplate-depth=1024 -std=c++11 -DSTXXL_HAVE_CXX11_RANGE_FOR_LOOP   -o CMakeFiles/cmTC_145d6.dir/src.cxx.o -c /home/fernanda/VCF_RLZ/build/CMakeFiles/CMakeTmp/src.cxx
Linking CXX executable cmTC_145d6
/usr/bin/cmake -E cmake_link_script CMakeFiles/cmTC_145d6.dir/link.txt --verbose=1
/usr/bin/c++    -W -Wall -W -Wall -pedantic -Wno-long-long -Wextra -ftemplate-depth=1024 -std=c++11 -DSTXXL_HAVE_CXX11_RANGE_FOR_LOOP    CMakeFiles/cmTC_145d6.dir/src.cxx.o  -o cmTC_145d6 -rdynamic 
make[1]: Leaving directory '/home/fernanda/VCF_RLZ/build/CMakeFiles/CMakeTmp'

Source file was:
#include <vector>
  int main() { std::vector<int> v(42); for (auto i : v) { ++i; } return 0; }
Determining if the include file pthread.h exists passed with the following output:
Change Dir: /home/fernanda/VCF_RLZ/build/CMakeFiles/CMakeTmp

Run Build Command:"/usr/bin/make" "cmTC_4d45e/fast"
/usr/bin/make -f CMakeFiles/cmTC_4d45e.dir/build.make CMakeFiles/cmTC_4d45e.dir/build
make[1]: Entering directory '/home/fernanda/VCF_RLZ/build/CMakeFiles/CMakeTmp'
Building CXX object CMakeFiles/cmTC_4d45e.dir/CheckIncludeFile.cxx.o
/usr/bin/c++     -W -Wall -W -Wall -pedantic -Wno-long-long -Wextra -ftemplate-depth=1024 -std=c++11    -o CMakeFiles/cmTC_4d45e.dir/CheckIncludeFile.cxx.o -c /home/fernanda/VCF_RLZ/build/CMakeFiles/CMakeTmp/CheckIncludeFile.cxx
Linking CXX executable cmTC_4d45e
/usr/bin/cmake -E cmake_link_script CMakeFiles/cmTC_4d45e.dir/link.txt --verbose=1
/usr/bin/c++    -W -Wall -W -Wall -pedantic -Wno-long-long -Wextra -ftemplate-depth=1024 -std=c++11     CMakeFiles/cmTC_4d45e.dir/CheckIncludeFile.cxx.o  -o cmTC_4d45e -rdynamic 
make[1]: Leaving directory '/home/fernanda/VCF_RLZ/build/CMakeFiles/CMakeTmp'


Determining if the include file pthread.h exists passed with the following output:
Change Dir: /home/fernanda/VCF_RLZ/build/CMakeFiles/CMakeTmp

Run Build Command:"/usr/bin/make" "cmTC_5e297/fast"
/usr/bin/make -f CMakeFiles/cmTC_5e297.dir/build.make CMakeFiles/cmTC_5e297.dir/build
make[1]: Entering directory '/home/fernanda/VCF_RLZ/build/CMakeFiles/CMakeTmp'
Building C object CMakeFiles/cmTC_5e297.dir/CheckIncludeFile.c.o
/usr/bin/cc     -o CMakeFiles/cmTC_5e297.dir/CheckIncludeFile.c.o   -c /home/fernanda/VCF_RLZ/build/CMakeFiles/CMakeTmp/CheckIncludeFile.c
Linking C executable cmTC_5e297
/usr/bin/cmake -E cmake_link_script CMakeFiles/cmTC_5e297.dir/link.txt --verbose=1
/usr/bin/cc       CMakeFiles/cmTC_5e297.dir/CheckIncludeFile.c.o  -o cmTC_5e297 -rdynamic 
make[1]: Leaving directory '/home/fernanda/VCF_RLZ/build/CMakeFiles/CMakeTmp'


Determining if the function pthread_create exists in the pthread passed with the following output:
Change Dir: /home/fernanda/VCF_RLZ/build/CMakeFiles/CMakeTmp

Run Build Command:"/usr/bin/make" "cmTC_3228a/fast"
/usr/bin/make -f CMakeFiles/cmTC_3228a.dir/build.make CMakeFiles/cmTC_3228a.dir/build
make[1]: Entering directory '/home/fernanda/VCF_RLZ/build/CMakeFiles/CMakeTmp'
Building C object CMakeFiles/cmTC_3228a.dir/CheckFunctionExists.c.o
/usr/bin/cc    -DCHECK_FUNCTION_EXISTS=pthread_create   -o CMakeFiles/cmTC_3228a.dir/CheckFunctionExists.c.o   -c /usr/share/cmake-3.7/Modules/CheckFunctionExists.c
Linking C executable cmTC_3228a
/usr/bin/cmake -E cmake_link_script CMakeFiles/cmTC_3228a.dir/link.txt --verbose=1
/usr/bin/cc   -DCHECK_FUNCTION_EXISTS=pthread_create    CMakeFiles/cmTC_3228a.dir/CheckFunctionExists.c.o  -o cmTC_3228a -rdynamic -lpthread 
make[1]: Leaving directory '/home/fernanda/VCF_RLZ/build/CMakeFiles/CMakeTmp'


Performing C++ SOURCE FILE Test STXXL_HAVE_O_DIRECT succeeded with the following output:
Change Dir: /home/fernanda/VCF_RLZ/build/CMakeFiles/CMakeTmp

Run Build Command:"/usr/bin/make" "cmTC_854b2/fast"
/usr/bin/make -f CMakeFiles/cmTC_854b2.dir/build.make CMakeFiles/cmTC_854b2.dir/build
make[1]: Entering directory '/home/fernanda/VCF_RLZ/build/CMakeFiles/CMakeTmp'
Building CXX object CMakeFiles/cmTC_854b2.dir/src.cxx.o
/usr/bin/c++     -W -Wall -W -Wall -pedantic -Wno-long-long -Wextra -ftemplate-depth=1024 -std=c++11 -DSTXXL_HAVE_O_DIRECT   -o CMakeFiles/cmTC_854b2.dir/src.cxx.o -c /home/fernanda/VCF_RLZ/build/CMakeFiles/CMakeTmp/src.cxx
Linking CXX executable cmTC_854b2
/usr/bin/cmake -E cmake_link_script CMakeFiles/cmTC_854b2.dir/link.txt --verbose=1
/usr/bin/c++    -W -Wall -W -Wall -pedantic -Wno-long-long -Wextra -ftemplate-depth=1024 -std=c++11 -DSTXXL_HAVE_O_DIRECT    CMakeFiles/cmTC_854b2.dir/src.cxx.o  -o cmTC_854b2 -rdynamic 
make[1]: Leaving directory '/home/fernanda/VCF_RLZ/build/CMakeFiles/CMakeTmp'

Source file was:

#include <unistd.h>
#include <fcntl.h>
int main() { return ((int)O_DIRECT) != 0; }

Determining if the mmap exist passed with the following output:
Change Dir: /home/fernanda/VCF_RLZ/build/CMakeFiles/CMakeTmp

Run Build Command:"/usr/bin/make" "cmTC_c1bcf/fast"
/usr/bin/make -f CMakeFiles/cmTC_c1bcf.dir/build.make CMakeFiles/cmTC_c1bcf.dir/build
make[1]: Entering directory '/home/fernanda/VCF_RLZ/build/CMakeFiles/CMakeTmp'
Building C object CMakeFiles/cmTC_c1bcf.dir/CheckSymbolExists.c.o
/usr/bin/cc     -o CMakeFiles/cmTC_c1bcf.dir/CheckSymbolExists.c.o   -c /home/fernanda/VCF_RLZ/build/CMakeFiles/CMakeTmp/CheckSymbolExists.c
Linking C executable cmTC_c1bcf
/usr/bin/cmake -E cmake_link_script CMakeFiles/cmTC_c1bcf.dir/link.txt --verbose=1
/usr/bin/cc       CMakeFiles/cmTC_c1bcf.dir/CheckSymbolExists.c.o  -o cmTC_c1bcf -rdynamic 
make[1]: Leaving directory '/home/fernanda/VCF_RLZ/build/CMakeFiles/CMakeTmp'

File /home/fernanda/VCF_RLZ/build/CMakeFiles/CMakeTmp/CheckSymbolExists.c:
/* */
#include <sys/mman.h>

int main(int argc, char** argv)
{
  (void)argv;
#ifndef mmap
  return ((int*)(&mmap))[argc];
#else
  (void)argc;
  return 0;
#endif
}

Performing C++ SOURCE FILE Test STXXL_HAVE_LINUXAIO_FILE succeeded with the following output:
Change Dir: /home/fernanda/VCF_RLZ/build/CMakeFiles/CMakeTmp

Run Build Command:"/usr/bin/make" "cmTC_a63d5/fast"
/usr/bin/make -f CMakeFiles/cmTC_a63d5.dir/build.make CMakeFiles/cmTC_a63d5.dir/build
make[1]: Entering directory '/home/fernanda/VCF_RLZ/build/CMakeFiles/CMakeTmp'
Building CXX object CMakeFiles/cmTC_a63d5.dir/src.cxx.o
/usr/bin/c++     -W -Wall -W -Wall -pedantic -Wno-long-long -Wextra -ftemplate-depth=1024 -std=c++11 -DSTXXL_HAVE_LINUXAIO_FILE   -o CMakeFiles/cmTC_a63d5.dir/src.cxx.o -c /home/fernanda/VCF_RLZ/build/CMakeFiles/CMakeTmp/src.cxx
Linking CXX executable cmTC_a63d5
/usr/bin/cmake -E cmake_link_script CMakeFiles/cmTC_a63d5.dir/link.txt --verbose=1
/usr/bin/c++    -W -Wall -W -Wall -pedantic -Wno-long-long -Wextra -ftemplate-depth=1024 -std=c++11 -DSTXXL_HAVE_LINUXAIO_FILE    CMakeFiles/cmTC_a63d5.dir/src.cxx.o  -o cmTC_a63d5 -rdynamic 
make[1]: Leaving directory '/home/fernanda/VCF_RLZ/build/CMakeFiles/CMakeTmp'

Source file was:
#include <unistd.h>
   #include <sys/syscall.h>
   #include <linux/aio_abi.h>
   int main() {
       aio_context_t context;
       long r = syscall(SYS_io_setup, 5, &context);
       return (r == 0) ? 0 : -1;
   }
Performing C++ SOURCE FILE Test STXXL_HAVE_SYNC_ADD_AND_FETCH succeeded with the following output:
Change Dir: /home/fernanda/VCF_RLZ/build/CMakeFiles/CMakeTmp

Run Build Command:"/usr/bin/make" "cmTC_9afbb/fast"
/usr/bin/make -f CMakeFiles/cmTC_9afbb.dir/build.make CMakeFiles/cmTC_9afbb.dir/build
make[1]: Entering directory '/home/fernanda/VCF_RLZ/build/CMakeFiles/CMakeTmp'
Building CXX object CMakeFiles/cmTC_9afbb.dir/src.cxx.o
/usr/bin/c++     -W -Wall -W -Wall -pedantic -Wno-long-long -Wextra -ftemplate-depth=1024 -std=c++11 -DSTXXL_HAVE_SYNC_ADD_AND_FETCH   -o CMakeFiles/cmTC_9afbb.dir/src.cxx.o -c /home/fernanda/VCF_RLZ/build/CMakeFiles/CMakeTmp/src.cxx
Linking CXX executable cmTC_9afbb
/usr/bin/cmake -E cmake_link_script CMakeFiles/cmTC_9afbb.dir/link.txt --verbose=1
/usr/bin/c++    -W -Wall -W -Wall -pedantic -Wno-long-long -Wextra -ftemplate-depth=1024 -std=c++11 -DSTXXL_HAVE_SYNC_ADD_AND_FETCH    CMakeFiles/cmTC_9afbb.dir/src.cxx.o  -o cmTC_9afbb -rdynamic 
make[1]: Leaving directory '/home/fernanda/VCF_RLZ/build/CMakeFiles/CMakeTmp'

Source file was:
int main() { int x; __sync_add_and_fetch(&x, +1); return 0; }
Performing C SOURCE FILE Test OpenMP_FLAG_DETECTED succeeded with the following output:
Change Dir: /home/fernanda/VCF_RLZ/build/CMakeFiles/CMakeTmp

Run Build Command:"/usr/bin/make" "cmTC_e1096/fast"
/usr/bin/make -f CMakeFiles/cmTC_e1096.dir/build.make CMakeFiles/cmTC_e1096.dir/build
make[1]: Entering directory '/home/fernanda/VCF_RLZ/build/CMakeFiles/CMakeTmp'
Building C object CMakeFiles/cmTC_e1096.dir/src.c.o
/usr/bin/cc    -DOpenMP_FLAG_DETECTED -fopenmp   -o CMakeFiles/cmTC_e1096.dir/src.c.o   -c /home/fernanda/VCF_RLZ/build/CMakeFiles/CMakeTmp/src.c
Linking C executable cmTC_e1096
/usr/bin/cmake -E cmake_link_script CMakeFiles/cmTC_e1096.dir/link.txt --verbose=1
/usr/bin/cc   -DOpenMP_FLAG_DETECTED -fopenmp    CMakeFiles/cmTC_e1096.dir/src.c.o  -o cmTC_e1096 -rdynamic 
make[1]: Leaving directory '/home/fernanda/VCF_RLZ/build/CMakeFiles/CMakeTmp'

Source file was:

#include <omp.h>
int main() {
#ifdef _OPENMP
  return 0;
#else
  breaks_on_purpose
#endif
}

Performing C++ SOURCE FILE Test OpenMP_FLAG_DETECTED succeeded with the following output:
Change Dir: /home/fernanda/VCF_RLZ/build/CMakeFiles/CMakeTmp

Run Build Command:"/usr/bin/make" "cmTC_b83fe/fast"
/usr/bin/make -f CMakeFiles/cmTC_b83fe.dir/build.make CMakeFiles/cmTC_b83fe.dir/build
make[1]: Entering directory '/home/fernanda/VCF_RLZ/build/CMakeFiles/CMakeTmp'
Building CXX object CMakeFiles/cmTC_b83fe.dir/src.cxx.o
/usr/bin/c++     -W -Wall -W -Wall -pedantic -Wno-long-long -Wextra -ftemplate-depth=1024 -std=c++11 -DOpenMP_FLAG_DETECTED -fopenmp   -o CMakeFiles/cmTC_b83fe.dir/src.cxx.o -c /home/fernanda/VCF_RLZ/build/CMakeFiles/CMakeTmp/src.cxx
Linking CXX executable cmTC_b83fe
/usr/bin/cmake -E cmake_link_script CMakeFiles/cmTC_b83fe.dir/link.txt --verbose=1
/usr/bin/c++    -W -Wall -W -Wall -pedantic -Wno-long-long -Wextra -ftemplate-depth=1024 -std=c++11 -DOpenMP_FLAG_DETECTED -fopenmp    CMakeFiles/cmTC_b83fe.dir/src.cxx.o  -o cmTC_b83fe -rdynamic 
make[1]: Leaving directory '/home/fernanda/VCF_RLZ/build/CMakeFiles/CMakeTmp'

Source file was:

#include <omp.h>
int main() {
#ifdef _OPENMP
  return 0;
#else
  breaks_on_purpose
#endif
}

Determining if the include file parallel/algorithm exists passed with the following output:
Change Dir: /home/fernanda/VCF_RLZ/build/CMakeFiles/CMakeTmp

Run Build Command:"/usr/bin/make" "cmTC_0088e/fast"
/usr/bin/make -f CMakeFiles/cmTC_0088e.dir/build.make CMakeFiles/cmTC_0088e.dir/build
make[1]: Entering directory '/home/fernanda/VCF_RLZ/build/CMakeFiles/CMakeTmp'
Building CXX object CMakeFiles/cmTC_0088e.dir/CheckIncludeFile.cxx.o
/usr/bin/c++     -W -Wall -W -Wall -pedantic -Wno-long-long -Wextra -ftemplate-depth=1024 -std=c++11 -fopenmp    -o CMakeFiles/cmTC_0088e.dir/CheckIncludeFile.cxx.o -c /home/fernanda/VCF_RLZ/build/CMakeFiles/CMakeTmp/CheckIncludeFile.cxx
Linking CXX executable cmTC_0088e
/usr/bin/cmake -E cmake_link_script CMakeFiles/cmTC_0088e.dir/link.txt --verbose=1
/usr/bin/c++    -W -Wall -W -Wall -pedantic -Wno-long-long -Wextra -ftemplate-depth=1024 -std=c++11 -fopenmp     CMakeFiles/cmTC_0088e.dir/CheckIncludeFile.cxx.o  -o cmTC_0088e -rdynamic 
make[1]: Leaving directory '/home/fernanda/VCF_RLZ/build/CMakeFiles/CMakeTmp'


Determining if the mallinfo exist passed with the following output:
Change Dir: /home/fernanda/VCF_RLZ/build/CMakeFiles/CMakeTmp

Run Build Command:"/usr/bin/make" "cmTC_5b6a3/fast"
/usr/bin/make -f CMakeFiles/cmTC_5b6a3.dir/build.make CMakeFiles/cmTC_5b6a3.dir/build
make[1]: Entering directory '/home/fernanda/VCF_RLZ/build/CMakeFiles/CMakeTmp'
Building C object CMakeFiles/cmTC_5b6a3.dir/CheckSymbolExists.c.o
/usr/bin/cc    -fopenmp    -o CMakeFiles/cmTC_5b6a3.dir/CheckSymbolExists.c.o   -c /home/fernanda/VCF_RLZ/build/CMakeFiles/CMakeTmp/CheckSymbolExists.c
Linking C executable cmTC_5b6a3
/usr/bin/cmake -E cmake_link_script CMakeFiles/cmTC_5b6a3.dir/link.txt --verbose=1
/usr/bin/cc   -fopenmp     CMakeFiles/cmTC_5b6a3.dir/CheckSymbolExists.c.o  -o cmTC_5b6a3 -rdynamic 
make[1]: Leaving directory '/home/fernanda/VCF_RLZ/build/CMakeFiles/CMakeTmp'

File /home/fernanda/VCF_RLZ/build/CMakeFiles/CMakeTmp/CheckSymbolExists.c:
/* */
#include <malloc.h>

int main(int argc, char** argv)
{
  (void)argv;
#ifndef mallinfo
  return ((int*)(&mallinfo))[argc];
#else
  (void)argc;
  return 0;
#endif
}

Determining if the mlock exist passed with the following output:
Change Dir: /home/fernanda/VCF_RLZ/build/CMakeFiles/CMakeTmp

Run Build Command:"/usr/bin/make" "cmTC_c980f/fast"
/usr/bin/make -f CMakeFiles/cmTC_c980f.dir/build.make CMakeFiles/cmTC_c980f.dir/build
make[1]: Entering directory '/home/fernanda/VCF_RLZ/build/CMakeFiles/CMakeTmp'
Building C object CMakeFiles/cmTC_c980f.dir/CheckSymbolExists.c.o
/usr/bin/cc    -fopenmp    -o CMakeFiles/cmTC_c980f.dir/CheckSymbolExists.c.o   -c /home/fernanda/VCF_RLZ/build/CMakeFiles/CMakeTmp/CheckSymbolExists.c
Linking C executable cmTC_c980f
/usr/bin/cmake -E cmake_link_script CMakeFiles/cmTC_c980f.dir/link.txt --verbose=1
/usr/bin/cc   -fopenmp     CMakeFiles/cmTC_c980f.dir/CheckSymbolExists.c.o  -o cmTC_c980f -rdynamic 
make[1]: Leaving directory '/home/fernanda/VCF_RLZ/build/CMakeFiles/CMakeTmp'

File /home/fernanda/VCF_RLZ/build/CMakeFiles/CMakeTmp/CheckSymbolExists.c:
/* */
#include <sys/mman.h>

int main(int argc, char** argv)
{
  (void)argv;
#ifndef mlock
  return ((int*)(&mlock))[argc];
#else
  (void)argc;
  return 0;
#endif
}

